<?xml version="1.0" encoding="UTF-8" ?>
<testsuite failures="0" time="0.864" errors="0" skipped="0" tests="40" name="TestSuite">
  <properties>
    <property name="java.runtime.name" value="Java(TM) SE Runtime Environment"/>
    <property name="sun.boot.library.path" value="C:\Program Files\Java\jdk1.6.0_21\jre\bin"/>
    <property name="java.vm.version" value="17.0-b17"/>
    <property name="java.vm.vendor" value="Sun Microsystems Inc."/>
    <property name="java.vendor.url" value="http://java.sun.com/"/>
    <property name="path.separator" value=";"/>
    <property name="java.vm.name" value="Java HotSpot(TM) 64-Bit Server VM"/>
    <property name="file.encoding.pkg" value="sun.io"/>
    <property name="user.country" value="US"/>
    <property name="sun.java.launcher" value="SUN_STANDARD"/>
    <property name="sun.os.patch.level" value=""/>
    <property name="java.vm.specification.name" value="Java Virtual Machine Specification"/>
    <property name="user.dir" value="C:\Users\user\IdeaProjects\myfshop"/>
    <property name="java.runtime.version" value="1.6.0_21-b07"/>
    <property name="java.awt.graphicsenv" value="sun.awt.Win32GraphicsEnvironment"/>
    <property name="basedir" value="C:\Users\user\IdeaProjects\myfshop"/>
    <property name="java.endorsed.dirs" value="C:\Program Files\Java\jdk1.6.0_21\jre\lib\endorsed"/>
    <property name="os.arch" value="amd64"/>
    <property name="surefire.real.class.path" value="C:\Users\user\surefirebooter4344542538956012625.jar"/>
    <property name="java.io.tmpdir" value="C:\Users\user\"/>
    <property name="line.separator" value="
"/>
    <property name="java.vm.specification.vendor" value="Sun Microsystems Inc."/>
    <property name="user.variant" value=""/>
    <property name="os.name" value="Windows 7"/>
    <property name="sun.jnu.encoding" value="Cp1252"/>
    <property name="java.library.path" value="C:\Program Files\Java\jdk1.6.0_21\jre\bin;.;C:\Windows\Sun\Java\bin;C:\Windows\system32;C:\Windows;C:\cygwin\usr\local\bin;C:\cygwin\bin;C:\cygwin\bin;C:\Windows\system32;C:\Windows;C:\Windows\System32\Wbem;C:\Windows\System32\WindowsPowerShell\v1.0\;C:\apache-maven-2.2.1\bin;C:\Program Files (x86)\Mercurial\;C:\Program Files (x86)\SlikSvn\bin\;C:\Program Files (x86)\TortoiseSVN\bin;C:\Program Files (x86)\Shiretoko;C:\Program Files (x86)\TortoiseHg\"/>
    <property name="surefire.test.class.path" value="C:\Users\user\IdeaProjects\myfshop\target\test-classes;C:\Users\user\IdeaProjects\myfshop\target\classes;C:\Users\user\.m2\repository\org\apache\tapestry\tapestry-core\5.1.0.5\tapestry-core-5.1.0.5.jar;C:\Users\user\.m2\repository\org\apache\tapestry\tapestry-ioc\5.1.0.5\tapestry-ioc-5.1.0.5.jar;C:\Users\user\.m2\repository\org\apache\tapestry\tapestry5-annotations\5.1.0.5\tapestry5-annotations-5.1.0.5.jar;C:\Users\user\.m2\repository\javassist\javassist\3.9.0.GA\javassist-3.9.0.GA.jar;C:\Users\user\.m2\repository\org\slf4j\slf4j-api\1.5.2\slf4j-api-1.5.2.jar;C:\Users\user\.m2\repository\log4j\log4j\1.2.14\log4j-1.2.14.jar;C:\Users\user\.m2\repository\org\slf4j\slf4j-log4j12\1.5.2\slf4j-log4j12-1.5.2.jar;C:\Users\user\.m2\repository\commons-codec\commons-codec\1.3\commons-codec-1.3.jar;C:\Users\user\.m2\repository\org\antlr\antlr-runtime\3.1.1\antlr-runtime-3.1.1.jar;C:\Users\user\.m2\repository\org\codehaus\woodstox\woodstox-core-asl\4.0.3\woodstox-core-asl-4.0.3.jar;C:\Users\user\.m2\repository\stax\stax-api\1.0.1\stax-api-1.0.1.jar;C:\Users\user\.m2\repository\org\codehaus\woodstox\stax2-api\3.0.1\stax2-api-3.0.1.jar;C:\Users\user\.m2\repository\javax\xml\stream\stax-api\1.0-2\stax-api-1.0-2.jar;C:\Users\user\.m2\repository\org\apache\tapestry\tapestry-spring\5.1.0.5\tapestry-spring-5.1.0.5.jar;C:\Users\user\.m2\repository\org\springframework\spring-web\2.5.6\spring-web-2.5.6.jar;C:\Users\user\.m2\repository\commons-logging\commons-logging\1.0.4\commons-logging-1.0.4.jar;C:\Users\user\.m2\repository\org\springframework\spring-beans\3.0.2.RELEASE\spring-beans-3.0.2.RELEASE.jar;C:\Users\user\.m2\repository\org\springframework\spring-core\3.0.2.RELEASE\spring-core-3.0.2.RELEASE.jar;C:\Users\user\.m2\repository\org\springframework\spring-context\3.0.2.RELEASE\spring-context-3.0.2.RELEASE.jar;C:\Users\user\.m2\repository\aopalliance\aopalliance\1.0\aopalliance-1.0.jar;C:\Users\user\.m2\repository\org\seleniumhq\selenium\client-drivers\selenium-java-client-driver\1.0.2\selenium-java-client-driver-1.0.2.jar;C:\Users\user\.m2\repository\org\seleniumhq\selenium\server\selenium-server\1.0.1\selenium-server-1.0.1.jar;C:\Users\user\.m2\repository\org\seleniumhq\selenium\server\selenium-server-coreless\1.0.1\selenium-server-coreless-1.0.1.jar;C:\Users\user\.m2\repository\org\apache\ant\ant\1.7.1\ant-1.7.1.jar;C:\Users\user\.m2\repository\org\apache\ant\ant-launcher\1.7.1\ant-launcher-1.7.1.jar;C:\Users\user\.m2\repository\jetty\org.mortbay.jetty\5.1.12\org.mortbay.jetty-5.1.12.jar;C:\Users\user\.m2\repository\javax\servlet\servlet-api\2.5\servlet-api-2.5.jar;C:\Users\user\.m2\repository\bouncycastle\bcprov-jdk15\135\bcprov-jdk15-135.jar;C:\Users\user\.m2\repository\org\seleniumhq\selenium\core\selenium-core\1.0.1\selenium-core-1.0.1.jar;C:\Users\user\.m2\repository\org\testng\testng\5.8\testng-5.8-jdk15.jar;C:\Users\user\.m2\repository\junit\junit\3.8.1\junit-3.8.1.jar;C:\Users\user\.m2\repository\org\apache\tapestry\tapestry-hibernate\5.1.0.5\tapestry-hibernate-5.1.0.5.jar;C:\Users\user\.m2\repository\org\apache\tapestry\tapestry-hibernate-core\5.1.0.5\tapestry-hibernate-core-5.1.0.5.jar;C:\Users\user\.m2\repository\org\hibernate\hibernate-core\3.3.1.GA\hibernate-core-3.3.1.GA.jar;C:\Users\user\.m2\repository\antlr\antlr\2.7.6\antlr-2.7.6.jar;C:\Users\user\.m2\repository\commons-collections\commons-collections\3.1\commons-collections-3.1.jar;C:\Users\user\.m2\repository\dom4j\dom4j\1.6.1\dom4j-1.6.1.jar;C:\Users\user\.m2\repository\xml-apis\xml-apis\1.0.b2\xml-apis-1.0.b2.jar;C:\Users\user\.m2\repository\geronimo-spec\geronimo-spec-jta\1.0-M1\geronimo-spec-jta-1.0-M1.jar;C:\Users\user\.m2\repository\org\hibernate\hibernate-annotations\3.4.0.GA\hibernate-annotations-3.4.0.GA.jar;C:\Users\user\.m2\repository\org\hibernate\ejb3-persistence\1.0.2.GA\ejb3-persistence-1.0.2.GA.jar;C:\Users\user\.m2\repository\org\hibernate\hibernate-commons-annotations\3.1.0.GA\hibernate-commons-annotations-3.1.0.GA.jar;C:\Users\user\.m2\repository\org\hibernate\hibernate-c3p0\3.3.1.GA\hibernate-c3p0-3.3.1.GA.jar;C:\Users\user\.m2\repository\c3p0\c3p0\0.9.1\c3p0-0.9.1.jar;C:\Users\user\.m2\repository\hsqldb\hsqldb\1.8.0.7\hsqldb-1.8.0.7.jar;C:\Users\user\.m2\repository\org\easymock\easymock\2.4\easymock-2.4.jar;C:\Users\user\.m2\repository\org\springframework\spring-asm\3.0.2.RELEASE\spring-asm-3.0.2.RELEASE.jar;C:\Users\user\.m2\repository\org\springframework\spring-aop\3.0.2.RELEASE\spring-aop-3.0.2.RELEASE.jar;C:\Users\user\.m2\repository\org\springframework\spring-expression\3.0.2.RELEASE\spring-expression-3.0.2.RELEASE.jar;C:\Users\user\.m2\repository\org\springframework\spring-orm\3.0.2.RELEASE\spring-orm-3.0.2.RELEASE.jar;C:\Users\user\.m2\repository\org\springframework\spring-jdbc\3.0.2.RELEASE\spring-jdbc-3.0.2.RELEASE.jar;C:\Users\user\.m2\repository\org\springframework\spring-tx\3.0.2.RELEASE\spring-tx-3.0.2.RELEASE.jar;C:\Users\user\.m2\repository\org\mockito\mockito-all\1.8.1\mockito-all-1.8.1.jar;C:\Users\user\.m2\repository\org\apache\tapestry\tapestry-upload\5.1.0.5\tapestry-upload-5.1.0.5.jar;C:\Users\user\.m2\repository\commons-fileupload\commons-fileupload\1.2\commons-fileupload-1.2.jar;C:\Users\user\.m2\repository\commons-io\commons-io\1.3\commons-io-1.3.jar;C:\Users\user\.m2\repository\org\apache\tapestry\tapestry-test\5.1.0.5\tapestry-test-5.1.0.5.jar;C:\Users\user\.m2\repository\mysql\mysql-connector-java\5.1.9\mysql-connector-java-5.1.9.jar;"/>
    <property name="java.specification.name" value="Java Platform API Specification"/>
    <property name="java.class.version" value="50.0"/>
    <property name="sun.management.compiler" value="HotSpot 64-Bit Server Compiler"/>
    <property name="os.version" value="6.1"/>
    <property name="user.home" value="C:\Users\user"/>
    <property name="user.timezone" value="Europe/Prague"/>
    <property name="java.awt.printerjob" value="sun.awt.windows.WPrinterJob"/>
    <property name="java.specification.version" value="1.6"/>
    <property name="file.encoding" value="Cp1252"/>
    <property name="user.name" value="user"/>
    <property name="java.class.path" value="C:\Users\user\IdeaProjects\myfshop\target\test-classes;C:\Users\user\IdeaProjects\myfshop\target\classes;C:\Users\user\.m2\repository\org\apache\tapestry\tapestry-core\5.1.0.5\tapestry-core-5.1.0.5.jar;C:\Users\user\.m2\repository\org\apache\tapestry\tapestry-ioc\5.1.0.5\tapestry-ioc-5.1.0.5.jar;C:\Users\user\.m2\repository\org\apache\tapestry\tapestry5-annotations\5.1.0.5\tapestry5-annotations-5.1.0.5.jar;C:\Users\user\.m2\repository\javassist\javassist\3.9.0.GA\javassist-3.9.0.GA.jar;C:\Users\user\.m2\repository\org\slf4j\slf4j-api\1.5.2\slf4j-api-1.5.2.jar;C:\Users\user\.m2\repository\log4j\log4j\1.2.14\log4j-1.2.14.jar;C:\Users\user\.m2\repository\org\slf4j\slf4j-log4j12\1.5.2\slf4j-log4j12-1.5.2.jar;C:\Users\user\.m2\repository\commons-codec\commons-codec\1.3\commons-codec-1.3.jar;C:\Users\user\.m2\repository\org\antlr\antlr-runtime\3.1.1\antlr-runtime-3.1.1.jar;C:\Users\user\.m2\repository\org\codehaus\woodstox\woodstox-core-asl\4.0.3\woodstox-core-asl-4.0.3.jar;C:\Users\user\.m2\repository\stax\stax-api\1.0.1\stax-api-1.0.1.jar;C:\Users\user\.m2\repository\org\codehaus\woodstox\stax2-api\3.0.1\stax2-api-3.0.1.jar;C:\Users\user\.m2\repository\javax\xml\stream\stax-api\1.0-2\stax-api-1.0-2.jar;C:\Users\user\.m2\repository\org\apache\tapestry\tapestry-spring\5.1.0.5\tapestry-spring-5.1.0.5.jar;C:\Users\user\.m2\repository\org\springframework\spring-web\2.5.6\spring-web-2.5.6.jar;C:\Users\user\.m2\repository\commons-logging\commons-logging\1.0.4\commons-logging-1.0.4.jar;C:\Users\user\.m2\repository\org\springframework\spring-beans\3.0.2.RELEASE\spring-beans-3.0.2.RELEASE.jar;C:\Users\user\.m2\repository\org\springframework\spring-core\3.0.2.RELEASE\spring-core-3.0.2.RELEASE.jar;C:\Users\user\.m2\repository\org\springframework\spring-context\3.0.2.RELEASE\spring-context-3.0.2.RELEASE.jar;C:\Users\user\.m2\repository\aopalliance\aopalliance\1.0\aopalliance-1.0.jar;C:\Users\user\.m2\repository\org\seleniumhq\selenium\client-drivers\selenium-java-client-driver\1.0.2\selenium-java-client-driver-1.0.2.jar;C:\Users\user\.m2\repository\org\seleniumhq\selenium\server\selenium-server\1.0.1\selenium-server-1.0.1.jar;C:\Users\user\.m2\repository\org\seleniumhq\selenium\server\selenium-server-coreless\1.0.1\selenium-server-coreless-1.0.1.jar;C:\Users\user\.m2\repository\org\apache\ant\ant\1.7.1\ant-1.7.1.jar;C:\Users\user\.m2\repository\org\apache\ant\ant-launcher\1.7.1\ant-launcher-1.7.1.jar;C:\Users\user\.m2\repository\jetty\org.mortbay.jetty\5.1.12\org.mortbay.jetty-5.1.12.jar;C:\Users\user\.m2\repository\javax\servlet\servlet-api\2.5\servlet-api-2.5.jar;C:\Users\user\.m2\repository\bouncycastle\bcprov-jdk15\135\bcprov-jdk15-135.jar;C:\Users\user\.m2\repository\org\seleniumhq\selenium\core\selenium-core\1.0.1\selenium-core-1.0.1.jar;C:\Users\user\.m2\repository\org\testng\testng\5.8\testng-5.8-jdk15.jar;C:\Users\user\.m2\repository\junit\junit\3.8.1\junit-3.8.1.jar;C:\Users\user\.m2\repository\org\apache\tapestry\tapestry-hibernate\5.1.0.5\tapestry-hibernate-5.1.0.5.jar;C:\Users\user\.m2\repository\org\apache\tapestry\tapestry-hibernate-core\5.1.0.5\tapestry-hibernate-core-5.1.0.5.jar;C:\Users\user\.m2\repository\org\hibernate\hibernate-core\3.3.1.GA\hibernate-core-3.3.1.GA.jar;C:\Users\user\.m2\repository\antlr\antlr\2.7.6\antlr-2.7.6.jar;C:\Users\user\.m2\repository\commons-collections\commons-collections\3.1\commons-collections-3.1.jar;C:\Users\user\.m2\repository\dom4j\dom4j\1.6.1\dom4j-1.6.1.jar;C:\Users\user\.m2\repository\xml-apis\xml-apis\1.0.b2\xml-apis-1.0.b2.jar;C:\Users\user\.m2\repository\geronimo-spec\geronimo-spec-jta\1.0-M1\geronimo-spec-jta-1.0-M1.jar;C:\Users\user\.m2\repository\org\hibernate\hibernate-annotations\3.4.0.GA\hibernate-annotations-3.4.0.GA.jar;C:\Users\user\.m2\repository\org\hibernate\ejb3-persistence\1.0.2.GA\ejb3-persistence-1.0.2.GA.jar;C:\Users\user\.m2\repository\org\hibernate\hibernate-commons-annotations\3.1.0.GA\hibernate-commons-annotations-3.1.0.GA.jar;C:\Users\user\.m2\repository\org\hibernate\hibernate-c3p0\3.3.1.GA\hibernate-c3p0-3.3.1.GA.jar;C:\Users\user\.m2\repository\c3p0\c3p0\0.9.1\c3p0-0.9.1.jar;C:\Users\user\.m2\repository\hsqldb\hsqldb\1.8.0.7\hsqldb-1.8.0.7.jar;C:\Users\user\.m2\repository\org\easymock\easymock\2.4\easymock-2.4.jar;C:\Users\user\.m2\repository\org\springframework\spring-asm\3.0.2.RELEASE\spring-asm-3.0.2.RELEASE.jar;C:\Users\user\.m2\repository\org\springframework\spring-aop\3.0.2.RELEASE\spring-aop-3.0.2.RELEASE.jar;C:\Users\user\.m2\repository\org\springframework\spring-expression\3.0.2.RELEASE\spring-expression-3.0.2.RELEASE.jar;C:\Users\user\.m2\repository\org\springframework\spring-orm\3.0.2.RELEASE\spring-orm-3.0.2.RELEASE.jar;C:\Users\user\.m2\repository\org\springframework\spring-jdbc\3.0.2.RELEASE\spring-jdbc-3.0.2.RELEASE.jar;C:\Users\user\.m2\repository\org\springframework\spring-tx\3.0.2.RELEASE\spring-tx-3.0.2.RELEASE.jar;C:\Users\user\.m2\repository\org\mockito\mockito-all\1.8.1\mockito-all-1.8.1.jar;C:\Users\user\.m2\repository\org\apache\tapestry\tapestry-upload\5.1.0.5\tapestry-upload-5.1.0.5.jar;C:\Users\user\.m2\repository\commons-fileupload\commons-fileupload\1.2\commons-fileupload-1.2.jar;C:\Users\user\.m2\repository\commons-io\commons-io\1.3\commons-io-1.3.jar;C:\Users\user\.m2\repository\org\apache\tapestry\tapestry-test\5.1.0.5\tapestry-test-5.1.0.5.jar;C:\Users\user\.m2\repository\mysql\mysql-connector-java\5.1.9\mysql-connector-java-5.1.9.jar;"/>
    <property name="java.vm.specification.version" value="1.0"/>
    <property name="sun.arch.data.model" value="64"/>
    <property name="java.home" value="C:\Program Files\Java\jdk1.6.0_21\jre"/>
    <property name="java.specification.vendor" value="Sun Microsystems Inc."/>
    <property name="user.language" value="en"/>
    <property name="awt.toolkit" value="sun.awt.windows.WToolkit"/>
    <property name="java.vm.info" value="mixed mode"/>
    <property name="java.version" value="1.6.0_21"/>
    <property name="java.ext.dirs" value="C:\Program Files\Java\jdk1.6.0_21\jre\lib\ext;C:\Windows\Sun\Java\lib\ext"/>
    <property name="sun.boot.class.path" value="C:\Program Files\Java\jdk1.6.0_21\jre\lib\resources.jar;C:\Program Files\Java\jdk1.6.0_21\jre\lib\rt.jar;C:\Program Files\Java\jdk1.6.0_21\jre\lib\sunrsasign.jar;C:\Program Files\Java\jdk1.6.0_21\jre\lib\jsse.jar;C:\Program Files\Java\jdk1.6.0_21\jre\lib\jce.jar;C:\Program Files\Java\jdk1.6.0_21\jre\lib\charsets.jar;C:\Program Files\Java\jdk1.6.0_21\jre\classes"/>
    <property name="java.vendor" value="Sun Microsystems Inc."/>
    <property name="localRepository" value="C:\Users\user\.m2\repository"/>
    <property name="file.separator" value="\"/>
    <property name="java.vendor.url.bug" value="http://java.sun.com/cgi-bin/bugreport.cgi"/>
    <property name="sun.cpu.endian" value="little"/>
    <property name="sun.io.unicode.encoding" value="UnicodeLittle"/>
    <property name="sun.desktop" value="windows"/>
    <property name="sun.cpu.isalist" value="amd64"/>
  </properties>
  <testcase time="0.004" classname="org.seke.fs.beans.OrderBeanTest" name="testOrdersItemsInvalid"/>
  <testcase time="0" classname="org.seke.fs.beans.OrderBeanTest" name="testOrdersItems"/>
  <testcase time="0" classname="org.seke.fs.beans.OrderBeanTest" name="commitDate"/>
  <testcase time="0" classname="org.seke.fs.beans.OrderBeanTest" name="testCommitDateInvalid"/>
  <testcase time="0" classname="org.seke.fs.beans.OrderBeanTest" name="testCommitDateInvalid1"/>
  <testcase time="0" classname="org.seke.fs.beans.OrdersItemBeanTest" name="testInvalidAmount"/>
  <testcase time="0.001" classname="org.seke.fs.beans.OrdersItemBeanTest" name="testPrice"/>
  <testcase time="0" classname="org.seke.fs.beans.OrdersItemBeanTest" name="testAmount"/>
  <testcase time="0" classname="org.seke.fs.beans.OrdersItemBeanTest" name="testInvalidPrice"/>
  <testcase time="0" classname="org.seke.fs.beans.ProductBeanTest" name="testProductTitleInvalid"/>
  <testcase time="0" classname="org.seke.fs.beans.ProductBeanTest" name="testAmountInStock"/>
  <testcase time="0.001" classname="org.seke.fs.beans.ProductBeanTest" name="testPriceInvalid"/>
  <testcase time="0" classname="org.seke.fs.beans.ProductBeanTest" name="testPrice"/>
  <testcase time="0" classname="org.seke.fs.beans.ProductBeanTest" name="testTitle"/>
  <testcase time="0" classname="org.seke.fs.beans.ProductBeanTest" name="testAmountInStockInvalid"/>
  <testcase time="0" classname="org.seke.fs.beans.ProductBeanTest" name="testProductTitleInvalid2"/>
  <testcase time="0" classname="org.seke.fs.beans.ProductBeanTest" name="testProductTitleInvalid1"/>
  <testcase time="0" classname="org.seke.fs.beans.ProductBeanTest" name="testId"/>
  <testcase time="0" classname="org.seke.fs.beans.UserBeanTest" name="testFirstNameInvalid2"/>
  <testcase time="0" classname="org.seke.fs.beans.UserBeanTest" name="testUsernameInvalid1"/>
  <testcase time="0" classname="org.seke.fs.beans.UserBeanTest" name="testUsernameInvalid2"/>
  <testcase time="0" classname="org.seke.fs.beans.UserBeanTest" name="testPasswordInvalid2"/>
  <testcase time="0" classname="org.seke.fs.beans.UserBeanTest" name="testFirstNameInvalid1"/>
  <testcase time="0" classname="org.seke.fs.beans.UserBeanTest" name="testFirstName"/>
  <testcase time="0" classname="org.seke.fs.beans.UserBeanTest" name="testPassword"/>
  <testcase time="0" classname="org.seke.fs.beans.UserBeanTest" name="testPasswordInvalid1"/>
  <testcase time="0" classname="org.seke.fs.beans.UserBeanTest" name="testLastName"/>
  <testcase time="0" classname="org.seke.fs.beans.UserBeanTest" name="testPasswordInvalid"/>
  <testcase time="0" classname="org.seke.fs.beans.UserBeanTest" name="testLastNameInvalid1"/>
  <testcase time="0" classname="org.seke.fs.beans.UserBeanTest" name="testLastNameInvalid2"/>
  <testcase time="0" classname="org.seke.fs.beans.UserBeanTest" name="testUsername"/>
  <testcase time="0" classname="org.seke.fs.beans.UserBeanTest" name="testLastNameInvalid"/>
  <testcase time="0" classname="org.seke.fs.beans.UserBeanTest" name="testOrders"/>
  <testcase time="0" classname="org.seke.fs.beans.UserBeanTest" name="testFirstNameInvalid"/>
  <testcase time="0.001" classname="org.seke.fs.beans.UserBeanTest" name="testUsernameInvalid"/>
  <testcase time="0" classname="org.seke.fs.services.ProductsBeanTest" name="testRetreive"/>
  <testcase time="0.251" classname="org.seke.fs.services.ProductsBeanTest" name="testSave"/>
  <testcase time="0" classname="org.seke.fs.services.ProductsBeanTest" name="testRetreiveById"/>
  <testcase time="0.001" classname="org.seke.fs.services.ProductsBeanTest" name="testSaveInvalid"/>
  <testcase time="0.011" classname="org.seke.fs.services.UsersBeanTest" name="testRegister"/>
</testsuite>