<?xml version="1.0" encoding="UTF-8" ?>
<testsuite failures="0" time="0.651" errors="0" skipped="0" tests="4" name="TestSuite">
  <properties>
    <property name="java.runtime.name" value="Java(TM) SE Runtime Environment"/>
    <property name="sun.boot.library.path" value="/usr/lib/jvm/java-6-sun-1.6.0.20/jre/lib/amd64"/>
    <property name="java.vm.version" value="16.3-b01"/>
    <property name="java.vm.vendor" value="Sun Microsystems Inc."/>
    <property name="java.vendor.url" value="http://java.sun.com/"/>
    <property name="path.separator" value=":"/>
    <property name="java.vm.name" value="Java HotSpot(TM) 64-Bit Server VM"/>
    <property name="file.encoding.pkg" value="sun.io"/>
    <property name="user.country" value="US"/>
    <property name="sun.java.launcher" value="SUN_STANDARD"/>
    <property name="sun.os.patch.level" value="unknown"/>
    <property name="java.vm.specification.name" value="Java Virtual Machine Specification"/>
    <property name="user.dir" value="/media/47FA64ED20758757/java/ideaProjects/fs"/>
    <property name="java.runtime.version" value="1.6.0_20-b02"/>
    <property name="java.awt.graphicsenv" value="sun.awt.X11GraphicsEnvironment"/>
    <property name="basedir" value="/media/47FA64ED20758757/java/ideaProjects/fs"/>
    <property name="java.endorsed.dirs" value="/usr/lib/jvm/java-6-sun-1.6.0.20/jre/lib/endorsed"/>
    <property name="os.arch" value="amd64"/>
    <property name="surefire.real.class.path" value="/tmp/surefirebooter4832338144549057897.jar"/>
    <property name="java.io.tmpdir" value="/tmp"/>
    <property name="line.separator" value="
"/>
    <property name="java.vm.specification.vendor" value="Sun Microsystems Inc."/>
    <property name="os.name" value="Linux"/>
    <property name="sun.jnu.encoding" value="UTF-8"/>
    <property name="java.library.path" value="/usr/lib/jvm/java-6-sun-1.6.0.20/jre/lib/amd64/server:/usr/lib/jvm/java-6-sun-1.6.0.20/jre/lib/amd64:/usr/lib/jvm/java-6-sun-1.6.0.20/jre/../lib/amd64:/usr/java/packages/lib/amd64:/usr/lib64:/lib64:/lib:/usr/lib"/>
    <property name="surefire.test.class.path" value="/media/47FA64ED20758757/java/ideaProjects/fs/target/test-classes:/media/47FA64ED20758757/java/ideaProjects/fs/target/classes:/home/user/.m2/repository/org/apache/tapestry/tapestry-core/5.1.0.5/tapestry-core-5.1.0.5.jar:/home/user/.m2/repository/org/apache/tapestry/tapestry-ioc/5.1.0.5/tapestry-ioc-5.1.0.5.jar:/home/user/.m2/repository/org/apache/tapestry/tapestry5-annotations/5.1.0.5/tapestry5-annotations-5.1.0.5.jar:/home/user/.m2/repository/javassist/javassist/3.9.0.GA/javassist-3.9.0.GA.jar:/home/user/.m2/repository/org/slf4j/slf4j-api/1.5.2/slf4j-api-1.5.2.jar:/home/user/.m2/repository/log4j/log4j/1.2.14/log4j-1.2.14.jar:/home/user/.m2/repository/org/slf4j/slf4j-log4j12/1.5.2/slf4j-log4j12-1.5.2.jar:/home/user/.m2/repository/commons-codec/commons-codec/1.3/commons-codec-1.3.jar:/home/user/.m2/repository/org/antlr/antlr-runtime/3.1.1/antlr-runtime-3.1.1.jar:/home/user/.m2/repository/org/codehaus/woodstox/woodstox-core-asl/4.0.3/woodstox-core-asl-4.0.3.jar:/home/user/.m2/repository/stax/stax-api/1.0.1/stax-api-1.0.1.jar:/home/user/.m2/repository/org/codehaus/woodstox/stax2-api/3.0.1/stax2-api-3.0.1.jar:/home/user/.m2/repository/javax/xml/stream/stax-api/1.0-2/stax-api-1.0-2.jar:/home/user/.m2/repository/org/testng/testng/5.8/testng-5.8-jdk15.jar:/home/user/.m2/repository/junit/junit/3.8.1/junit-3.8.1.jar:/home/user/.m2/repository/org/easymock/easymock/2.4/easymock-2.4.jar:/home/user/.m2/repository/javax/servlet/servlet-api/2.5/servlet-api-2.5.jar:"/>
    <property name="java.specification.name" value="Java Platform API Specification"/>
    <property name="java.class.version" value="50.0"/>
    <property name="sun.management.compiler" value="HotSpot 64-Bit Server Compiler"/>
    <property name="os.version" value="2.6.32-23-generic"/>
    <property name="user.home" value="/home/user"/>
    <property name="user.timezone" value="Europe/Belgrade"/>
    <property name="java.awt.printerjob" value="sun.print.PSPrinterJob"/>
    <property name="file.encoding" value="UTF-8"/>
    <property name="java.specification.version" value="1.6"/>
    <property name="user.name" value="user"/>
    <property name="java.class.path" value="/media/47FA64ED20758757/java/ideaProjects/fs/target/test-classes:/media/47FA64ED20758757/java/ideaProjects/fs/target/classes:/home/user/.m2/repository/org/apache/tapestry/tapestry-core/5.1.0.5/tapestry-core-5.1.0.5.jar:/home/user/.m2/repository/org/apache/tapestry/tapestry-ioc/5.1.0.5/tapestry-ioc-5.1.0.5.jar:/home/user/.m2/repository/org/apache/tapestry/tapestry5-annotations/5.1.0.5/tapestry5-annotations-5.1.0.5.jar:/home/user/.m2/repository/javassist/javassist/3.9.0.GA/javassist-3.9.0.GA.jar:/home/user/.m2/repository/org/slf4j/slf4j-api/1.5.2/slf4j-api-1.5.2.jar:/home/user/.m2/repository/log4j/log4j/1.2.14/log4j-1.2.14.jar:/home/user/.m2/repository/org/slf4j/slf4j-log4j12/1.5.2/slf4j-log4j12-1.5.2.jar:/home/user/.m2/repository/commons-codec/commons-codec/1.3/commons-codec-1.3.jar:/home/user/.m2/repository/org/antlr/antlr-runtime/3.1.1/antlr-runtime-3.1.1.jar:/home/user/.m2/repository/org/codehaus/woodstox/woodstox-core-asl/4.0.3/woodstox-core-asl-4.0.3.jar:/home/user/.m2/repository/stax/stax-api/1.0.1/stax-api-1.0.1.jar:/home/user/.m2/repository/org/codehaus/woodstox/stax2-api/3.0.1/stax2-api-3.0.1.jar:/home/user/.m2/repository/javax/xml/stream/stax-api/1.0-2/stax-api-1.0-2.jar:/home/user/.m2/repository/org/testng/testng/5.8/testng-5.8-jdk15.jar:/home/user/.m2/repository/junit/junit/3.8.1/junit-3.8.1.jar:/home/user/.m2/repository/org/easymock/easymock/2.4/easymock-2.4.jar:/home/user/.m2/repository/javax/servlet/servlet-api/2.5/servlet-api-2.5.jar:"/>
    <property name="java.vm.specification.version" value="1.0"/>
    <property name="sun.arch.data.model" value="64"/>
    <property name="java.home" value="/usr/lib/jvm/java-6-sun-1.6.0.20/jre"/>
    <property name="java.specification.vendor" value="Sun Microsystems Inc."/>
    <property name="user.language" value="en"/>
    <property name="java.vm.info" value="mixed mode"/>
    <property name="java.version" value="1.6.0_20"/>
    <property name="java.ext.dirs" value="/usr/lib/jvm/java-6-sun-1.6.0.20/jre/lib/ext:/usr/java/packages/lib/ext"/>
    <property name="sun.boot.class.path" value="/usr/lib/jvm/java-6-sun-1.6.0.20/jre/lib/resources.jar:/usr/lib/jvm/java-6-sun-1.6.0.20/jre/lib/rt.jar:/usr/lib/jvm/java-6-sun-1.6.0.20/jre/lib/sunrsasign.jar:/usr/lib/jvm/java-6-sun-1.6.0.20/jre/lib/jsse.jar:/usr/lib/jvm/java-6-sun-1.6.0.20/jre/lib/jce.jar:/usr/lib/jvm/java-6-sun-1.6.0.20/jre/lib/charsets.jar:/usr/lib/jvm/java-6-sun-1.6.0.20/jre/classes"/>
    <property name="java.vendor" value="Sun Microsystems Inc."/>
    <property name="localRepository" value="/home/user/.m2/repository"/>
    <property name="file.separator" value="/"/>
    <property name="java.vendor.url.bug" value="http://java.sun.com/cgi-bin/bugreport.cgi"/>
    <property name="sun.cpu.endian" value="little"/>
    <property name="sun.io.unicode.encoding" value="UnicodeLittle"/>
    <property name="sun.desktop" value="gnome"/>
    <property name="sun.cpu.isalist" value=""/>
  </properties>
  <testcase time="0.003" classname="org.seke.fs.beans.ProductBeanTest" name="testAmountInStock"/>
  <testcase time="0" classname="org.seke.fs.beans.ProductBeanTest" name="testId"/>
  <testcase time="0.001" classname="org.seke.fs.beans.ProductBeanTest" name="testTitle"/>
  <testcase time="0" classname="org.seke.fs.beans.ProductBeanTest" name="testPrice"/>
</testsuite>