<?xml version="1.0" encoding="UTF-8" ?>
<testsuite failures="0" time="0.379" errors="0" skipped="0" tests="15" name="TestSuite">
  <properties>
    <property name="java.runtime.name" value="Java(TM) SE Runtime Environment"/>
    <property name="sun.boot.library.path" value="C:\Program Files\Java\jdk1.6.0_18\jre\bin"/>
    <property name="java.vm.version" value="16.0-b13"/>
    <property name="java.vm.vendor" value="Sun Microsystems Inc."/>
    <property name="java.vendor.url" value="http://java.sun.com/"/>
    <property name="path.separator" value=";"/>
    <property name="java.vm.name" value="Java HotSpot(TM) Client VM"/>
    <property name="file.encoding.pkg" value="sun.io"/>
    <property name="user.country" value="US"/>
    <property name="sun.java.launcher" value="SUN_STANDARD"/>
    <property name="sun.os.patch.level" value=""/>
    <property name="java.vm.specification.name" value="Java Virtual Machine Specification"/>
    <property name="user.dir" value="D:\java\ideaProjects\myfshop"/>
    <property name="java.runtime.version" value="1.6.0_18-b07"/>
    <property name="java.awt.graphicsenv" value="sun.awt.Win32GraphicsEnvironment"/>
    <property name="basedir" value="D:\java\ideaProjects\myfshop"/>
    <property name="java.endorsed.dirs" value="C:\Program Files\Java\jdk1.6.0_18\jre\lib\endorsed"/>
    <property name="os.arch" value="x86"/>
    <property name="surefire.real.class.path" value="C:\Users\user\surefirebooter4704375774531794840.jar"/>
    <property name="java.io.tmpdir" value="C:\Users\user\"/>
    <property name="line.separator" value="
"/>
    <property name="java.vm.specification.vendor" value="Sun Microsystems Inc."/>
    <property name="user.variant" value=""/>
    <property name="os.name" value="Windows 7"/>
    <property name="sun.jnu.encoding" value="Cp1252"/>
    <property name="java.library.path" value="C:\Program Files\Java\jdk1.6.0_18\jre\bin;.;C:\Windows\Sun\Java\bin;C:\Windows\system32;C:\Windows;C:\cygwin\usr\local\bin;C:\cygwin\bin;C:\cygwin\bin;C:\oraclexe\app\oracle\product\10.2.0\server\bin;C:\Program Files\Mercurial\;C:\Program Files\TortoiseHg\;C:\Program Files\Zend\MySQL51\bin;C:\Program Files\Java\jdk1.6.0_18\bin;C:\Program Files\Zend\ZendServer\bin;C:\Program Files\Zend\ZendServer\share\ZendFramework\bin;C:\PROGRA~1\IBM\SQLLIB\BIN;C:\PROGRA~1\IBM\SQLLIB\FUNCTION;C:\apache-maven-2.2.1\bin;C:\apache-maven-2.2.1\bin"/>
    <property name="surefire.test.class.path" value="D:\java\ideaProjects\myfshop\target\test-classes;D:\java\ideaProjects\myfshop\target\classes;C:\Users\user\.m2\repository\org\apache\tapestry\tapestry-core\5.1.0.5\tapestry-core-5.1.0.5.jar;C:\Users\user\.m2\repository\org\apache\tapestry\tapestry-ioc\5.1.0.5\tapestry-ioc-5.1.0.5.jar;C:\Users\user\.m2\repository\org\apache\tapestry\tapestry5-annotations\5.1.0.5\tapestry5-annotations-5.1.0.5.jar;C:\Users\user\.m2\repository\javassist\javassist\3.9.0.GA\javassist-3.9.0.GA.jar;C:\Users\user\.m2\repository\org\slf4j\slf4j-api\1.5.2\slf4j-api-1.5.2.jar;C:\Users\user\.m2\repository\log4j\log4j\1.2.14\log4j-1.2.14.jar;C:\Users\user\.m2\repository\org\slf4j\slf4j-log4j12\1.5.2\slf4j-log4j12-1.5.2.jar;C:\Users\user\.m2\repository\commons-codec\commons-codec\1.3\commons-codec-1.3.jar;C:\Users\user\.m2\repository\org\antlr\antlr-runtime\3.1.1\antlr-runtime-3.1.1.jar;C:\Users\user\.m2\repository\org\codehaus\woodstox\woodstox-core-asl\4.0.3\woodstox-core-asl-4.0.3.jar;C:\Users\user\.m2\repository\stax\stax-api\1.0.1\stax-api-1.0.1.jar;C:\Users\user\.m2\repository\org\codehaus\woodstox\stax2-api\3.0.1\stax2-api-3.0.1.jar;C:\Users\user\.m2\repository\javax\xml\stream\stax-api\1.0-2\stax-api-1.0-2.jar;C:\Users\user\.m2\repository\org\testng\testng\5.8\testng-5.8-jdk15.jar;C:\Users\user\.m2\repository\junit\junit\3.8.1\junit-3.8.1.jar;C:\Users\user\.m2\repository\org\easymock\easymock\2.4\easymock-2.4.jar;C:\Users\user\.m2\repository\javax\servlet\servlet-api\2.5\servlet-api-2.5.jar;"/>
    <property name="java.specification.name" value="Java Platform API Specification"/>
    <property name="java.class.version" value="50.0"/>
    <property name="sun.management.compiler" value="HotSpot Client Compiler"/>
    <property name="os.version" value="6.1"/>
    <property name="user.home" value="C:\Users\user"/>
    <property name="user.timezone" value="Europe/Prague"/>
    <property name="java.awt.printerjob" value="sun.awt.windows.WPrinterJob"/>
    <property name="java.specification.version" value="1.6"/>
    <property name="file.encoding" value="Cp1252"/>
    <property name="user.name" value="user"/>
    <property name="java.class.path" value="D:\java\ideaProjects\myfshop\target\test-classes;D:\java\ideaProjects\myfshop\target\classes;C:\Users\user\.m2\repository\org\apache\tapestry\tapestry-core\5.1.0.5\tapestry-core-5.1.0.5.jar;C:\Users\user\.m2\repository\org\apache\tapestry\tapestry-ioc\5.1.0.5\tapestry-ioc-5.1.0.5.jar;C:\Users\user\.m2\repository\org\apache\tapestry\tapestry5-annotations\5.1.0.5\tapestry5-annotations-5.1.0.5.jar;C:\Users\user\.m2\repository\javassist\javassist\3.9.0.GA\javassist-3.9.0.GA.jar;C:\Users\user\.m2\repository\org\slf4j\slf4j-api\1.5.2\slf4j-api-1.5.2.jar;C:\Users\user\.m2\repository\log4j\log4j\1.2.14\log4j-1.2.14.jar;C:\Users\user\.m2\repository\org\slf4j\slf4j-log4j12\1.5.2\slf4j-log4j12-1.5.2.jar;C:\Users\user\.m2\repository\commons-codec\commons-codec\1.3\commons-codec-1.3.jar;C:\Users\user\.m2\repository\org\antlr\antlr-runtime\3.1.1\antlr-runtime-3.1.1.jar;C:\Users\user\.m2\repository\org\codehaus\woodstox\woodstox-core-asl\4.0.3\woodstox-core-asl-4.0.3.jar;C:\Users\user\.m2\repository\stax\stax-api\1.0.1\stax-api-1.0.1.jar;C:\Users\user\.m2\repository\org\codehaus\woodstox\stax2-api\3.0.1\stax2-api-3.0.1.jar;C:\Users\user\.m2\repository\javax\xml\stream\stax-api\1.0-2\stax-api-1.0-2.jar;C:\Users\user\.m2\repository\org\testng\testng\5.8\testng-5.8-jdk15.jar;C:\Users\user\.m2\repository\junit\junit\3.8.1\junit-3.8.1.jar;C:\Users\user\.m2\repository\org\easymock\easymock\2.4\easymock-2.4.jar;C:\Users\user\.m2\repository\javax\servlet\servlet-api\2.5\servlet-api-2.5.jar;"/>
    <property name="java.vm.specification.version" value="1.0"/>
    <property name="sun.arch.data.model" value="32"/>
    <property name="java.home" value="C:\Program Files\Java\jdk1.6.0_18\jre"/>
    <property name="java.specification.vendor" value="Sun Microsystems Inc."/>
    <property name="user.language" value="en"/>
    <property name="awt.toolkit" value="sun.awt.windows.WToolkit"/>
    <property name="java.vm.info" value="mixed mode, sharing"/>
    <property name="java.version" value="1.6.0_18"/>
    <property name="java.ext.dirs" value="C:\Program Files\Java\jdk1.6.0_18\jre\lib\ext;C:\Windows\Sun\Java\lib\ext"/>
    <property name="sun.boot.class.path" value="C:\Program Files\Java\jdk1.6.0_18\jre\lib\resources.jar;C:\Program Files\Java\jdk1.6.0_18\jre\lib\rt.jar;C:\Program Files\Java\jdk1.6.0_18\jre\lib\sunrsasign.jar;C:\Program Files\Java\jdk1.6.0_18\jre\lib\jsse.jar;C:\Program Files\Java\jdk1.6.0_18\jre\lib\jce.jar;C:\Program Files\Java\jdk1.6.0_18\jre\lib\charsets.jar;C:\Program Files\Java\jdk1.6.0_18\jre\classes"/>
    <property name="java.vendor" value="Sun Microsystems Inc."/>
    <property name="localRepository" value="C:\Users\user\.m2\repository"/>
    <property name="file.separator" value="\"/>
    <property name="java.vendor.url.bug" value="http://java.sun.com/cgi-bin/bugreport.cgi"/>
    <property name="sun.cpu.endian" value="little"/>
    <property name="sun.io.unicode.encoding" value="UnicodeLittle"/>
    <property name="sun.desktop" value="windows"/>
    <property name="sun.cpu.isalist" value="pentium_pro+mmx pentium_pro pentium+mmx pentium i486 i386 i86"/>
  </properties>
  <testcase time="0.004" classname="org.seke.fs.beans.CostumerBeanTest" name="testUsername"/>
  <testcase time="0" classname="org.seke.fs.beans.CostumerBeanTest" name="testFirstName"/>
  <testcase time="0" classname="org.seke.fs.beans.CostumerBeanTest" name="testPassword"/>
  <testcase time="0.001" classname="org.seke.fs.beans.CostumerBeanTest" name="testLastName"/>
  <testcase time="0.001" classname="org.seke.fs.beans.CostumerBeanTest" name="testOrders"/>
  <testcase time="0" classname="org.seke.fs.beans.OrderBeanTest" name="commitDate"/>
  <testcase time="0" classname="org.seke.fs.beans.OrderBeanTest" name="testOrdersItems"/>
  <testcase time="0" classname="org.seke.fs.beans.OrderBeanTest" name="id"/>
  <testcase time="0.001" classname="org.seke.fs.beans.OrdersItemBeanTest" name="testPrice"/>
  <testcase time="0" classname="org.seke.fs.beans.OrdersItemBeanTest" name="testOrdersItemNumber"/>
  <testcase time="0" classname="org.seke.fs.beans.OrdersItemBeanTest" name="testAmount"/>
  <testcase time="0" classname="org.seke.fs.beans.ProductBeanTest" name="testAmountInStock"/>
  <testcase time="0.001" classname="org.seke.fs.beans.ProductBeanTest" name="testId"/>
  <testcase time="0" classname="org.seke.fs.beans.ProductBeanTest" name="testTitle"/>
  <testcase time="0" classname="org.seke.fs.beans.ProductBeanTest" name="testPrice"/>
</testsuite>